1529930413997	geckodriver	INFO	geckodriver 0.21.0
1529930414013	geckodriver	INFO	Listening on 127.0.0.1:50853
1529930414575	mozrunner::runner	INFO	Running command: "C:\\Program Files\\Mozilla Firefox\\firefox.exe" "-marionette" "-foreground" "-no-remote" "-profile" "C:\\Users\\PEERAP~1\\AppData\\Local\\Temp\\rust_mozprofile.ArIfQBMT4ODC"
Unable to read VR Path Registry from C:\Users\Peerapong\AppData\Local\openvr\openvrpaths.vrpath
Unable to read VR Path Registry from C:\Users\Peerapong\AppData\Local\openvr\openvrpaths.vrpath
Unable to read VR Path Registry from C:\Users\Peerapong\AppData\Local\openvr\openvrpaths.vrpath
Unable to read VR Path Registry from C:\Users\Peerapong\AppData\Local\openvr\openvrpaths.vrpath
Unable to read VR Path Registry from C:\Users\Peerapong\AppData\Local\openvr\openvrpaths.vrpath
1529930417539	Marionette	INFO	Listening on port 50858
1529930417798	Marionette	WARN	TLS certificate errors will be ignored for this session
[Child 15060, Chrome_ChildThread] WARNING: pipe error: 109: file z:/build/build/src/ipc/chromium/src/chrome/common/ipc_channel_win.cc, line 346
[Child 15060, Chrome_ChildThread] WARNING: pipe error: 109: fi[Child 16012, Chrome_ChildThread] WARNING: pipe error: 109: file z:/build/build/src/ipc/chromium/src/chrome/common/ipc_channel_win.cc, line 346
[Child 16012[Parent 10524, Gecko_IOThread] WARNING: file z:/build/build/src/ipc/chromium/src/base/process_util_win.cc, line 188
[Parent 10524, Gecko_IOThread] WARNING: pipe error: 109: file z:/build/build/src/ipc/chromium/src/chrome/common/ipc_channel_win.cc, line 346
[Child 1708, Chrome_ChildThread] WARNING: pipe error: 109: file z:/build/build/src/ipc/chromium/src/chrome/common/ipc_channel_win.cc, line 346
[Child 1708, Chrome_Chil*** UTM:SVC TimerManager:registerTimer called after profile-before-change notification. Ignoring timer registration for id: telemetry_modules_ping

###!!! [Child][MessageChan[Parent 11472, Gecko_IOThread] WARNING: pipe error: 109: file z:/build/build/src/ipc/chromium/src/chrome/common/ipc_channel_win.cc, line 346
[Parent 11472, Gecko_IOThread] WARNING: pipe error: 109: file z:/build/build/src/ipc/chromium/src/chrome/common/ipc_channel_win.cc, line 346
[Parent 11472, Gecko_IOThread] WARNING: pipe error: 109: file z:/build/build/src/ipc/chromium/src/chrome/common/ipc_Unable to read VR Path Registry from C:\Users\Peerapong\AppData\Local\openvr\openvrpaths.vrpath
Unable to read VR Path Registry from C:\Users\Peerapong\AppData\Local\openvr\openvrpaths.vrpath
Unable to read VR Path Registry from C:\Users\Peerapong\AppData\Local\openvr\openvrpaths.vrpath
Unable to read VR Path Registry from C:\Users\Peerapong\AppData\Local\openvr\openvrpaths.vrpath
Unable to read VR Path Registry from C:\Users\Peerapong\AppData\Local\openvr\openvrpaths.vrpath
1529930452395	Marionette	INFO	Listening on port 50909
1529930452491	Marionette	WARN	TLS certificate errors will be ignored for this session
1529931651146	addons.productaddons	WARN	Failed downloading via XHR, status: 0, reason: error
127.0.0.1:50942
1529930481953	mozrunner::runner	INFO	Running command: "C:\\Program Files\\Mozilla Firefox\\firefox.exe" "-marionette" "-foreground" "-no-remote" "-profile" "C:\\Users\\PEERAP~1\\AppData\\Local\\Temp\\rust_mozprofile.P2Vt4KdblQkg"
Unable to read VR Path Registry from C:\Users\Peerapong\AppData\Local\openvr\openvrpaths.vrpath
Unable to read VR Path Registry from C:\Users\Peerapong\AppData\Local\openvr\openvrpaths.vrpath
Unable to read VR Path Registry from C:\Users\Peerapong\AppData\Local\openvr\openvrpaths.vrpath
Unable to read VR Path Registry from C:\Users\Peerapong\AppData\Local\openvr\openvrpaths.vrpath
1529930483732	Marionette	INFO	Listening on port 50947
Unable to read VR Path Registry from C:\Users\Peerapong\AppData\Local\openvr\openvrpaths.vrpath
1529930484064	Marionette	WARN	TLS certificate errors will be ignored for this session
[Parent 3144, Gecko_IOThread] WARNING: pipe error: 109: file z:/build/build/src/ipc/chromium/src/chrome/common/ipc_channel_win.cc, line 346
[Child 5012, Chrome_ChildThread] WARNING: pipe error: 109: file z:/build/build/src/ipc/chromium/src/chrome/common/ipc_channel_win.cc, line 346
[Child 5012, Chrome_ChildThread] WARNING: pipe error: 109: fi[Child 11968, Chrome_ChildThread] WARNING: pipe error: 109: file z:/build/build/src/ipc/chromium/src/chrome/common/ipc_channel_win.cc, line 346
[Child 11968*** UTM:SVC TimerManager:registerTimer called after profile-before-change notification. Ignoring timer registration for id: telemetry_modules_ping

###!!! [Child][MessageChannel::SendAndWait] Error: Channel error: cannot send/recv

1529930543070	geckodriver	INFO	geckodriver 0.21.0
1529930543077	geckodriver	INFO	Listening on 127.0.0.1:51012
1529930543598	mozrunner::runner	INFO	Running command: "C:\\Program Files\\Mozilla Firefox\\firefox.exe" "-marionette" "-foreground" "-no-remote" "-profile" "C:\\Users\\PEERAP~1\\AppData\\Local\\Temp\\rust_mozprofile.sTWSwNT9R4T8"
Unable to read VR Path Registry from C:\Users\Peerapong\AppData\Local\openvr\openvrpaths.vrpath
Unable to read VR Path Registry from C:\Users\Peerapong\AppData\Local\openvr\openvrpaths.vrpath
Unable to read VR Path Registry from C:\Users\Peerapong\AppData\Local\openvr\openvrpaths.vrpath
Unable to read VR Path Registry from C:\Users\Peerapong\AppData\Local\openvr\openvrpaths.vrpath
Unable to read VR Path Registry from C:\Users\Peerapong\AppData\Local\openvr\openvrpaths.vrpath
1529930545564	Marionette	INFO	Listening on port 51017
1529930545713	Marionette	WARN	TLS certificate errors will be ignored for this session
[Child 7124, Chrome_ChildThread] WARNING: pipe error: 109: file z:/build/build/src/ipc/chromium/src/chrome/common/ipc_channel_win.cc, line 346
[Child 7124, Chrome_ChildThread] WARNING: pipe error: 109: file z:/build/build/src/ipc/chromium/src/chrome/common/ipc_channel_win.cc, line 346
[Parent 2816, Gecko_IOThread] WARNING: pipe error: 109: file z:/build/build/src/ipc/chromium/src/chrome/common/ipc_channel_win.cc, line 346
[Child 7336, Chrome_ChildThread] WARNING: pipe error: 109: file z:/build/build/src/ipc/chromium/src/chrome/common/ipc_channel_win.cc, line 346
[Child 7336, Chrome_ChildThread] W*** UTM:SVC TimerManager:registerTimer called after profile-before-change notification. Ignoring timer registration for id: telemetry_modules_ping

###!!! [Child][MessageChannel::SendAndWait] Error: Channel error: cannot send/recv

1529930654465	geckodriver	INFO	geckodriver 0.21.0
1529930654472	geckodriver	INFO	Listening on 127.0.0.1:51054
1529930655012	mozrunner::runner	INFO	Running command: "C:\\Program Files\\Mozilla Firefox\\firefox.exe" "-marionette" "-foreground" "-no-remote" "-profile" "C:\\Users\\PEERAP~1\\AppData\\Local\\Temp\\rust_mozprofile.ZResOQxQXMu2"
Unable to read VR Path Registry from C:\Users\Peerapong\AppData\Local\openvr\openvrpaths.vrpath
Unable to read VR Path Registry from C:\Users\Peerapong\AppData\Local\openvr\openvrpaths.vrpath
Unable to read VR Path Registry from C:\Users\Peerapong\AppData\Local\openvr\openvrpaths.vrpath
Unable to read VR Path Registry from C:\Users\Peerapong\AppData\Local\openvr\openvrpaths.vrpath
Unable to read VR Path Registry from C:\Users\Peerapong\AppData\Local\openvr\openvrpaths.vrpath
1529930657009	Marionette	INFO	Listening on port 51059
1529930657134	Marionette	WARN	TLS certificate errors will be ignored for this session
[Parent 10068, Gecko_IOThread] WARNING: pipe error: 109: file z:/build/build/src/ipc/chromium/src/chrome/common/ipc_channel_win.cc, line 346
[Parent 10068, Gecko_IOThread] WARNING: pipe error: 109: file z:/build/build/src/ipc/chromium/src/chrome/common/ipc_channel_win.cc, line 346
[Parent 10068, Gecko_IOThread] WARNING: pipe error: 109: file z:/build/build/src/ipc/chromium/src/chrome/common/ipc_channel_win.cc, line 346
[Child 8860, Chrome_ChildThread] WARNING: pipe error: 109: file z:/build/build/src/ipc/chromium/src/chrome/common/ipc_channel_win.cc, line 346
[Child 8860, Chr*** UTM:SVC TimerManager:registerTimer called after profile-before-change notification. Ignoring timer registration for id: telemetry_modules_ping

###!!! [Child][MessageChannel::SendAndWait] Error: Channel error: cannot send/recv

1529930693689	geckodriver	INFO	geckodriver 0.21.0
1529930693696	geckodriver	INFO	Listening on 127.0.0.1:51090
1529930694251	mozrunner::runner	INFO	Running command: "C:\\Program Files\\Mozilla Firefox\\firefox.exe" "-marionette" "-foreground" "-no-remote" "-profile" "C:\\Users\\PEERAP~1\\AppData\\Local\\Temp\\rust_mozprofile.FRmG8wySw1G1"
Unable to read VR Path Registry from C:\Users\Peerapong\AppData\Local\openvr\openvrpaths.vrpath
Unable to read VR Path Registry from C:\Users\Peerapong\AppData\Local\openvr\openvrpaths.vrpath
Unable to read VR Path Registry from C:\Users\Peerapong\AppData\Local\openvr\openvrpaths.vrpath
Unable to read VR Path Registry from C:\Users\Peerapong\AppData\Local\openvr\openvrpaths.vrpath
Unable to read VR Path Registry from C:\Users\Peerapong\AppData\Local\openvr\openvrpaths.vrpath
1529930695960	Marionette	INFO	Listening on port 51095
1529930696365	Marionette	WARN	TLS certificate errors will be ignored for this session
Unable to read VR Path Registry from C:\Users\Peerapong\AppData\Local\openvr\openvrpaths.vrpath
1529930932726	geckodriver	INFO	geckodriver 0.21.0
1529930932733	geckodriver	INFO	Listening on 127.0.0.1:51167
1529930933265	mozrunner::runner	INFO	Running command: "C:\\Program Files\\Mozilla Firefox\\firefox.exe" "-marionette" "-foreground" "-no-remote" "-profile" "C:\\Users\\PEERAP~1\\AppData\\Local\\Temp\\rust_mozprofile.mTXsRBUR0BBu"
Unable to read VR Path Registry from C:\Users\Peerapong\AppData\Local\openvr\openvrpaths.vrpath
Unable to read VR Path Registry from C:\Users\Peerapong\AppData\Local\openvr\openvrpaths.vrpath
Unable to read VR Path Registry from C:\Users\Peerapong\AppData\Local\openvr\openvrpaths.vrpath
Unable to read VR Path Registry from C:\Users\Peerapong\AppData\Local\openvr\openvrpaths.vrpath
Unable to read VR Path Registry from C:\Users\Peerapong\AppData\Local\openvr\openvrpaths.vrpath
1529930935137	Marionette	INFO	Listening on port 51172
1529930935376	Marionette	WARN	TLS certificate errors will be ignored for this session
[Parent 16676, Gecko_IOThread] WARNING: pipe error: 109: file z:/build/build/src/ipc/chromium/src/chrome/common/ipc_channel_win.cc, line 346
[Parent 16676, Gecko_IOThread] WARNING: pipe error: 109: file z:/build/build/src/ipc/chromium/src/chrome/common/ipc_channel_win.cc, line 346
[Parent 16676, Gecko_IOThread] WARNING: pipe error: 109: file z:/build/build/src/ipc/chromium/src/chrome/common/ipc_channel_win.cc, line 346

###!!! [Child][MessageChannel::SendAndWait] Error: Channel error: cannot send/recv

openvrpaths.vrpath
Unable to read VR Path Registry from C:\Users\Peerapong\AppData\Local\openvr\openvrpaths.vrpath
Unable to read VR Path Registry from C:\Users\Peerapong\AppData\Local\openvr\openvrpaths.vrpath
1529931073294	Marionette	INFO	Listening on port 51253
Unable to read VR Path Registry from C:\Users\Peerapong\AppData\Local\openvr\openvrpaths.vrpath
1529931073442	Marionette	WARN	TLS certificate errors will be ignored for this session
[Parent 15588, Gecko_IOThread] WARNING: pipe error: 109: file z:/build/build/src/ipc/chromium/src/chrome/common/ipc_channel_win.cc, line 346
[Child 11368, Chrome_ChildThread] WARNING: pipe error: 109: file z:/build/build/src/ipc/chromium/src/chrome/common/ipc_channel_win.cc, line 346
[Child 11368, Chrome_ChildThread] WARNING: pipe error: 109: file z:/build/build/src/ipc[Parent 15588, Gecko_IOThread] WARNING: pipe error: 109: file z:/build/build/src/ipc/chromium/src/chrome/common/ipc_channel_win.cc, line 346
[Parent 15588, Gecko_IOThread] WARNING: pipe error: 109: file z:/build/build/src/ipc/chromium/src/chrome/common/ipc_channel_win.cc, line 346
[Child 10348, Chrome_ChildThread] WARNING: pipe error: 109: file z:/build/build/src/ipc/chromium/src/chrome/common/ipc_channel_win.cc, line 346
[Child 10348, Chrome_Chi*** UTM:SVC TimerManager:registerTimer called after profile-before-change notification. Ignoring timer registration for id: telemetry_modules_ping
[GPU 6792, Chr
###!!! [Child][MessageChannel::SendAndWait] Error: Channel error: cannot send/recv

1529931134960	geckodriver	INFO	geckodriver 0.21.0
1529931134968	geckodriver	INFO	Listening on 127.0.0.1:51310
1529931135518	mozrunner::runner	INFO	Running command: "C:\\Program Files\\Mozilla Firefox\\firefox.exe" "-marionette" "-foreground" "-no-remote" "-profile" "C:\\Users\\PEERAP~1\\AppData\\Local\\Temp\\rust_mozprofile.leM2PyVQ6lds"
Unable to read VR Path Registry from C:\Users\Peerapong\AppData\Local\openvr\openvrpaths.vrpath
Unable to read VR Path Registry from C:\Users\Peerapong\AppData\Local\openvr\openvrpaths.vrpath
Unable to read VR Path Registry from C:\Users\Peerapong\AppData\Local\openvr\openvrpaths.vrpath
Unable to read VR Path Registry from C:\Users\Peerapong\AppData\Local\openvr\openvrpaths.vrpath
Unable to read VR Path Registry from C:\Users\Peerapong\AppData\Local\openvr\openvrpaths.vrpath
1529931137546	Marionette	INFO	Listening on port 51315
1529931137636	Marionette	WARN	TLS certificate errors will be ignored for this session
1529932012205	geckodriver	INFO	geckodriver 0.21.0
1529932012212	geckodriver	INFO	Listening on 127.0.0.1:51597
1529932012732	mozrunner::runner	INFO	Running command: "C:\\Program Files\\Mozilla Firefox\\firefox.exe" "-marionette" "-foreground" "-no-remote" "-profile" "C:\\Users\\PEERAP~1\\AppData\\Local\\Temp\\rust_mozprofile.LuLgS27i6ufE"
Unable to read VR Path Registry from C:\Users\Peerapong\AppData\Local\openvr\openvrpaths.vrpath
Unable to read VR Path Registry from C:\Users\Peerapong\AppData\Local\openvr\openvrpaths.vrpath
Unable to read VR Path Registry from C:\Users\Peerapong\AppData\Local\openvr\openvrpaths.vrpath
Unable to read VR Path Registry from C:\Users\Peerapong\AppData\Local\openvr\openvrpaths.vrpath
1529932014621	Marionette	INFO	Listening on port 51602
Unable to read VR Path Registry from C:\Users\Peerapong\AppData\Local\openvr\openvrpaths.vrpath
1529932014853	Marionette	WARN	TLS certificate errors will be ignored for this session
[Parent 3448, Gecko_IOThread] WARNING: pipe error: 109: file z:/build/build/src/ipc/chromium/src/chrome/common/ipc_channel_win.cc, line 346
[Parent 3448, Gecko_IOThread] WARNING: pipe error: 109: file z:/build/build/src/ipc/chromium/src/chrome/common/ipc_channel_win.cc, line 346
[Child 8344, Chrome_ChildThread] WARNING: pipe error: 109: file z:/build/build/src/ipc/chromium/src/chrome/common/ipc_channel_win.cc, line 346
[Child 8344, Chrome_ChildThread] WARNING: pipe error: 109: file z:/build/build/src/ipc/chromium/src/chrome/common/ipc_channel_win.cc, line 346
[Child 17372, Chrome_ChildThread] WARNING: pipe error: 109: file z:/build/build/src/ipc/chromium/src/chrome/common/ipc_channel_win.cc, line 346
[Child 17372, Chrome_ChildThread] WARNING: pipe error: 109: file z:/build/build/src/ipc/chromium/src/chrome/common/ipc_channel_win.cc, line 346
[Parent 3448, Gecko_IOThread] WARNING: pipe error: 109: file z:/build/build/src/ipc/chromium/src/chrome/common/ipc_channel_win.cc, line 346
[Child 7148, Chrome_ChildThread] WARNING: pipe error: 109: file z:/build/build/src/ipc/chromium/src/chrome/common/ipc_channel_win.cc, line 346
[Child 7148, Chrome_
###!!! [Child][MessageChannel::SendAndWait] Error: Channel error: cannot send/recv

1529932147976	geckodriver	INFO	geckodriver 0.21.0
1529932147984	geckodriver	INFO	Listening on 127.0.0.1:51662
1529932148490	mozrunner::runner	INFO	Running command: "C:\\Program Files\\Mozilla Firefox\\firefox.exe" "-marionette" "-foreground" "-no-remote" "-profile" "C:\\Users\\PEERAP~1\\AppData\\Local\\Temp\\rust_mozprofile.vDTRLXNcA0kv"
Unable to read VR Path Registry from C:\Users\Peerapong\AppData\Local\openvr\openvrpaths.vrpath
Unable to read VR Path Registry from C:\Users\Peerapong\AppData\Local\openvr\openvrpaths.vrpath
Unable to read VR Path Registry from C:\Users\Peerapong\AppData\Local\openvr\openvrpaths.vrpath
Unable to read VR Path Registry from C:\Users\Peerapong\AppData\Local\openvr\openvrpaths.vrpath
Unable to read VR Path Registry from C:\Users\Peerapong\AppData\Local\openvr\openvrpaths.vrpath
1529932150422	Marionette	INFO	Listening on port 51667
1529932150620	Marionette	WARN	TLS certificate errors will be ignored for this session
[Parent 15124, Gecko_IOThread] WARNING: pipe error: 109: file z:/build/build/src/ipc/chromium/src/chrome/common/ipc_channel_win.cc, line 346
[Parent 15124, Gecko_IOThread] WARNING: pipe error: 109: file z:/build/build/src/ipc/chromium/src/chrome/common/ipc_channel_win.cc, line 346
[Child 8632, Chrome_ChildThread] WARNING: pipe error: 109: file z:/build/build/src/ipc/chromium/src/chrome/common/ipc_channel_win.cc, line 346
[Child 8632, Chrome_ChildThread] WARNING: pipe error: 109: file z:/bu[Parent 15124, Gecko_IOThread] WARNING: pipe error: 109: file z:/build/build/src/ipc/chromium/src/chrome/common/ipc_channel_win.cc, line 346
[Child 10560, Chrome_ChildThread] WARNING: pipe error: 109: file z:/build/build/src/ipc/chromium/src/chrome/common/ipc_channel_win.cc, line 346
[Child 10560, Chro*** UTM:SVC TimerManager:registerTimer called after profile-before-change notification. Ignoring timer registration for id: telemetry_modules_ping

###!!! [Child][MessageChannel::SendAndWait] Error: Channel error: cannot send/recv

1529932153757	geckodriver	INFO	geckodriver 0.21.0
1529932153767	geckodriver	INFO	Listening on 127.0.0.1:51686
1529932154331	mozrunner::runner	INFO	Running command: "C:\\Program Files\\Mozilla Firefox\\firefox.exe" "-marionette" "-foreground" "-no-remote" "-profile" "C:\\Users\\PEERAP~1\\AppData\\Local\\Temp\\rust_mozprofile.ORX8M3ayrQ0h"
Unable to read VR Path Registry from C:\Users\Peerapong\AppData\Local\openvr\openvrpaths.vrpath
Unable to read VR Path Registry from C:\Users\Peerapong\AppData\Local\openvr\openvrpaths.vrpath
Unable to read VR Path Registry from C:\Users\Peerapong\AppData\Local\openvr\openvrpaths.vrpath
Unable to read VR Path Registry from C:\Users\Peerapong\AppData\Local\openvr\openvrpaths.vrpath
Unable to read VR Path Registry from C:\Users\Peerapong\AppData\Local\openvr\openvrpaths.vrpath
1529932156070	Marionette	INFO	Listening on port 51691
1529932156443	Marionette	WARN	TLS certificate errors will be ignored for this session
Unable to read VR Path Registry from C:\Users\Peerapong\AppData\Local\openvr\openvrpaths.vrpath
Unable to read VR Path Registry from C:\Users\Peerapong\AppData\Local\openvr\openvrpaths.vrpath
JavaScript error: https://stackoverflow.com/questions/39117873/selenium-webdriver-entering-text-into-text-field-element-not-visible, line 1: ReferenceError: osdlfm is not defined
1529932549633	geckodriver	INFO	geckodriver 0.21.0
1529932549641	geckodriver	INFO	Listening on 127.0.0.1:51917
1529932550176	mozrunner::runner	INFO	Running command: "C:\\Program Files\\Mozilla Firefox\\firefox.exe" "-marionette" "-foreground" "-no-remote" "-profile" "C:\\Users\\PEERAP~1\\AppData\\Local\\Temp\\rust_mozprofile.Am0l5WU7N3kD"
Unable to read VR Path Registry from C:\Users\Peerapong\AppData\Local\openvr\openvrpaths.vrpath
Unable to read VR Path Registry from C:\Users\Peerapong\AppData\Local\openvr\openvrpaths.vrpath
Unable to read VR Path Registry from C:\Users\Peerapong\AppData\Local\openvr\openvrpaths.vrpath
Unable to read VR Path Registry from C:\Users\Peerapong\AppData\Local\openvr\openvrpaths.vrpath
Unable to read VR Path Registry from C:\Users\Peerapong\AppData\Local\openvr\openvrpaths.vrpath
1529932552153	Marionette	INFO	Listening on port 51922
1529932552296	Marionette	WARN	TLS certificate errors will be ignored for this session
[Parent 13560, Gecko_IOThread] WARNING: pipe error: 109: file z:/build/build/src/ipc/chromium/src/chrome/common/ipc_channel_win.cc, line 346
[Child 12004, Chrome_ChildThread] WARNING: pipe error: 109: file z:/build/build/src/ipc/chromium/src/chrome/common/ipc_channel_win.cc, line 346
[Child 12004, Chrome_ChildThread] [Parent 13560, Gecko_IOThread] WARNING: pipe error: 109: file z:/build/build/src/ipc/chromium/src/chrome/common/ipc_channel_win.cc, line 346
[Child 17680, Chrome_ChildThread] WARNING: pipe error: 109: file z:/build/build/src/ipc/chromium/src/chrome/common/ipc_channel_win.cc, line 346
[Child 176[Child 4368, Chrome_ChildThread] WARNING: pipe error: 109: file z:/build/build/src/ipc/chromium/src/chrome/common/ipc_channel_win.cc, line 346
[Child 4368, Chrome_ChildThread] WARNING: pipe error: 109: file z:/build/build/src/ipc/chromium/src/chrome/common/ipc_channel_win.cc, line 346
*** UTM:SVC TimerManager:registerTimer called after profile-before-change notification. Ignoring timer registration for id: telemetry_modules_ping

###!!! [Child][MessageChannel::SendAndWait] Error: Channel error: cannot send/recv

1529932579971	geckodriver	INFO	geckodriver 0.21.0
1529932579978	geckodriver	INFO	Listening on 127.0.0.1:51961
1529932580483	mozrunner::runner	INFO	Running command: "C:\\Program Files\\Mozilla Firefox\\firefox.exe" "-marionette" "-foreground" "-no-remote" "-profile" "C:\\Users\\PEERAP~1\\AppData\\Local\\Temp\\rust_mozprofile.v31LjSYjssiR"
Unable to read VR Path Registry from C:\Users\Peerapong\AppData\Local\openvr\openvrpaths.vrpath
Unable to read VR Path Registry from C:\Users\Peerapong\AppData\Local\openvr\openvrpaths.vrpath
Unable to read VR Path Registry from C:\Users\Peerapong\AppData\Local\openvr\openvrpaths.vrpath
Unable to read VR Path Registry from C:\Users\Peerapong\AppData\Local\openvr\openvrpaths.vrpath
Unable to read VR Path Registry from C:\Users\Peerapong\AppData\Local\openvr\openvrpaths.vrpath
1529932582272	Marionette	INFO	Listening on port 51966
1529932582600	Marionette	WARN	TLS certificate errors will be ignored for this session
1529933128004	geckodriver	INFO	geckodriver 0.21.0
1529933128013	geckodriver	INFO	Listening on 127.0.0.1:52501
1529933128501	mozrunner::runner	INFO	Running command: "C:\\Program Files\\Mozilla Firefox\\firefox.exe" "-marionette" "-foreground" "-no-remote" "-profile" "C:\\Users\\PEERAP~1\\AppData\\Local\\Temp\\rust_mozprofile.E4duWIhwJfEf"
Unable to read VR Path Registry from C:\Users\Peerapong\AppData\Local\openvr\openvrpaths.vrpath
Unable to read VR Path Registry from C:\Users\Peerapong\AppData\Local\openvr\openvrpaths.vrpath
Unable to read VR Path Registry from C:\Users\Peerapong\AppData\Local\openvr\openvrpaths.vrpath
Unable to read VR Path Registry from C:\Users\Peerapong\AppData\Local\openvr\openvrpaths.vrpath
Unable to read VR Path Registry from C:\Users\Peerapong\AppData\Local\openvr\openvrpaths.vrpath
1529933130415	Marionette	INFO	Listening on port 52506
1529933130619	Marionette	WARN	TLS certificate errors will be ignored for this session
[Parent 20444, Gecko_IOThread] WARNING: pipe error: 109: file z:/build/build/src/ipc/chromium/src/chrome/common/ipc_channel_win.cc, line 346
[Child 18108, Chrome_ChildThread] WARNING: pipe error: 109: file z:/build/build/src/ipc/chromium/src/chrome/common/ipc_channel_win.cc, line 346
[Child 18108Unable to read VR Path Registry from C:\Users\Peerapong\AppData\Local\openvr\openvrpaths.vrpath
*** UTM:SVC TimerManager:registerTimer called after profile-before-change notification. Ignoring timer registration for id: telemetry_modules_ping

###!!! [Child][MessageChannel::SendAndWait] Error: Channel error: cannot send/recv

nable to read VR Path Registry from C:\Users\Peerapong\AppData\Local\openvr\openvrpaths.vrpath
Unable to read VR Path Registry from C:\Users\Peerapong\AppData\Local\openvr\openvrpaths.vrpath
1529933160642	Marionette	INFO	Listening on port 52543
1529933160795	Marionette	WARN	TLS certificate errors will be ignored for this session
[Parent 19120, Gecko_IOThread] WARNING: pipe error: 109: file z:/build/build/src/ipc/chromium/src/chrome/common/ipc_channel_win.cc, line 346
[Child 20532, Chrome_ChildThread] WARNING: pipe error: 109: file z:/build/build/src/ipc/chromium/src/chrome/common/ipc_channel_win.cc, line 346
[Child 18328, Chrome_ChildThread] WARNING:
###!!! [CUnable to read VR Path Registry from C:\Users\Peerapong\AppData\Local\openvr\openvrpaths.vrpath
Unable to read VR Path Registry from C:\Users\Peerapong\AppData\Local\openvr\openvrpaths.vrpath
Unable to read VR Path Registry from C:\Users\Peerapong\AppData\Local\openvr\openvrpaths.vrpath
Unable to read VR Path Registry from C:\Users\Peerapong\AppData\Local\openvr\openvrpaths.vrpath
Unable to read VR Path Registry from C:\Users\Peerapong\AppData\Local\openvr\openvrpaths.vrpath
1529933165766	Marionette	INFO	Listening on port 52571
1529933165946	Marionette	WARN	TLS certificate errors will be ignored for this session
[Parent 20904, Gecko_IOThread] WARNING: pipe error: 109: file z:/build/build/src/ipc/chromium/src/chrome/common/ipc_channel_win.cc, line 346
[Parent 20904, Gecko_IOThread] WARNING: pipe error: 109: file z:/build/build/src/ipc/chromium/src/chrome/common/ipc_channel_win.cc, line 346

###!!! [Child][RunMessage] Error: Channel closing: too late to send/recv, messages will be lost

[Parent 20904, Gecko_IOThread] WARNING: pipe error: 109: file z:/build/build/src/ipc/chromium/src/chrome/common/ipc_channel_win.cc, line 346
[Child 21496, Chrome_ChildThread] WARNING: pipe error: 109: file z:/build/build/src/ipc/chromium/src/chrome/common/ipc_channel_win.cc, line 346
[Child 21496, C*** UTM:SVC TimerManager:registerTimer called after profile-before-change notification. Ignoring timer registration for id: telemetry_modules_ping

###!!! [Child][MessageChannel::SendAndWait] Error: Channel error: cannot send/recv

1529933170402	geckodriver	INFO	geckodriver 0.21.0
1529933170413	geckodriver	INFO	Listening on 127.0.0.1:52611
1529933170983	mozrunner::runner	INFO	Running command: "C:\\Program Files\\Mozilla Firefox\\firefox.exe" "-marionette" "-foreground" "-no-remote" "-profile" "C:\\Users\\PEERAP~1\\AppData\\Local\\Temp\\rust_mozprofile.VeE3nnsJouET"
Unable to read VR Path Registry from C:\Users\Peerapong\AppData\Local\openvr\openvrpaths.vrpath
Unable to read VR Path Registry from C:\Users\Peerapong\AppData\Local\openvr\openvrpaths.vrpath
Unable to read VR Path Registry from C:\Users\Peerapong\AppData\Local\openvr\openvrpaths.vrpath
Unable to read VR Path Registry from C:\Users\Peerapong\AppData\Local\openvr\openvrpaths.vrpath
Unable to read VR Path Registry from C:\Users\Peerapong\AppData\Local\openvr\openvrpaths.vrpath
1529933172847	Marionette	INFO	Listening on port 52617
1529933173095	Marionette	WARN	TLS certificate errors will be ignored for this session
[Parent 20172, Gecko_IOThread] WARNING: pipe error: 109: file z:/build/build/src/ipc/chromium/src/chrome/common/ipc_channel_win.cc, line 346
[Parent 20172, Gecko_IOThread] WARNING: pipe error: 109: file z:/build/build/src/ipc/chromium/src/chrome/common/ipc_channel_win.cc, line 346
*** UTM:SVC TimerManager:registerTimer called after profile-before-change notification. Ignoring timer registration for id: telemetry_modules_ping

###!!! [Child][MessageChannel::SendAndWait] Error: Channel error: cannot send/recv

1529933216584	geckodriver	INFO	geckodriver 0.21.0
1529933216592	geckodriver	INFO	Listening on 127.0.0.1:52680
1529933217129	mozrunner::runner	INFO	Running command: "C:\\Program Files\\Mozilla Firefox\\firefox.exe" "-marionette" "-foreground" "-no-remote" "-profile" "C:\\Users\\PEERAP~1\\AppData\\Local\\Temp\\rust_mozprofile.l43jootSk2fL"
Unable to read VR Path Registry from C:\Users\Peerapong\AppData\Local\openvr\openvrpaths.vrpath
Unable to read VR Path Registry from C:\Users\Peerapong\AppData\Local\openvr\openvrpaths.vrpath
Unable to read VR Path Registry from C:\Users\Peerapong\AppData\Local\openvr\openvrpaths.vrpath
Unable to read VR Path Registry from C:\Users\Peerapong\AppData\Local\openvr\openvrpaths.vrpath
Unable to read VR Path Registry from C:\Users\Peerapong\AppData\Local\openvr\openvrpaths.vrpath
1529933218841	Marionette	INFO	Listening on port 52685
1529933219240	Marionette	WARN	TLS certificate errors will be ignored for this session
Handler function NetworkEventActorProxy.addSecurityInfo threw an exception: [Exception... "Component returned failure code: 0xc1f30001 (NS_ERROR_NOT_INITIALIZED) [nsIMessageSender.sendAsyncMessage]"  nsresult: "0xc1f30001 (NS_ERROR_NOT_INITIALIZED)"  location: "JS frame :: resource://devtools/shared/base-loader.js -> resource://devtools/shared/webconsole/network-monitor.js :: NetworkEventActorProxy.methodFactory/< :: line 1875"  data: no]
Stack: NetworkEventActorProxy.methodFactory/<@resource://devtools/shared/base-loader.js -> resource://devtools/shared/webconsole/network-monitor.js:1875:5
exports.makeInfallible/<@resource://devtools/shared/base-loader.js -> resource://devtools/shared/ThreadSafeDevToolsUtils.js:109:Unable to read VR Path Registry from C:\Users\Peerapong\AppData\Local\openvr\openvrpaths.vrpath
1529933392382	Marionette	INFO	Listening on port 52759
1529933392694	Marionette	WARN	TLS certificate errors will be ignored for this session
[Parent 10864, Gecko_IOThread] WARNING: pipe error: 109: file z:/build/build/src/ipc/chromium/src/chrome/common/ipc_channel_win.cc, line 346
[Child 13528, Chrome_ChildThread] WARNING: pipe error: 109: file z:/build/build/src/ipc/chromium/src/chrome/common/ipc_channel_win.cc, line 346
[Child 13528, Chro[Parent 10864, Gecko_IOThread] WARNING: pipe error: 109: file z:/build/build/src/ipc/chromium/src/chrome/common/ipc_channel_win.cc, line 346
[Child 5420, Chrome_ChildThread] WARNING: pipe error: 109: file z:/build/build/src/ipc/chromium/src/chrome/common/ipc_channel_win.cc, line 346
[Child 5420, Chrome_ChildThread] WARNING: pipe error: 109: file z:/build/build/src/ipc/chromium/src/chrome/common/ipc_channel_win.cc, line 346

###!!! [Child][MessageChannel::SendAndWait] Error: Channel error: cannot send/recv

:5\nexports.makeInfallible/<@resource://devtools/shared/base-loader.js -> resource://devtools/shared/ThreadSafeDevToolsUtils.js:109:14\nNetworkResponseListener.prototype._getSecurityInfo<@resource://devtools/shared/base-loader.js -> resource://devtools/shared/webconsole/network-monitor.js:521:5\nexports.makeInfallible/<@resource://devtools/shared/base-loader.js -> resource://devtools/shared/ThreadSafeDevToolsUtils.js:109:14\nonStartRequest@resource://devtools/shared/base-loader.js -> resource://devtools/shared/webconsole/network-monitor.js:441:5\nLine: 1875, column: 0"
Handler function NetworkEventActorProxy.addResponseContent threw an exception: [Exception... "Component returned failure code: 0xc1f30001 (NS_ERROR_NOT_INITIALIZED) [nsIMessageSender.sendAsyncMessage]"  nsresult: "0xc1f30001 (NS_ERROR_NOT_INITIALIZED)"  location: "JS frame :: resource://devtools/shared/base-loader.js -> resource://devtools/shared/webconsole/network-monitor.js :: NetworkEventActorProxy.methodFactory/< :: line 1875"  data: no]
Stack: NetworkEventActorProxy.methodFactory/<@resource://devtools/shared/base-loader.js -> resource://devtools/shared/webconsole/network-monitor.js:1875:5
exports.makeInfallible/<@resource://devtools/shared/base-loader.js -> resource://devtools/shared/ThreadSafeDevToolsUtils.js:109:14
_onComplete@resource://devtools/shared/base-loader.js -> resource://devtools/shared/webconsole/network-monitor.js:651:5
onStreamClose@resource://devtools/shared/base-loader.js -> resource://devtools/shared/webconsole/network-monitor.js:600:7
onInputStreamReady@resource://devtools/shared/base-loader.js -> resource://devtools/shared/webconsole/network-monitor.js:702:7
Line: 1875, column: 0
console.error: "Handler function NetworkEventActorProxy.addResponseContent threw an exception: [Exception... \"Component returned failure code: 0xc1f30001 (NS_ERROR_NOT_INITIALIZED) [nsIMessageSender.sendAsyncMessage]\"  nsresult: \"0xc1f30001 (NS_ERROR_NOT_INITIALIZED)\"  location: \"JS frame :: resource://devtools/shared/base-loader.js -> resource://devtools/shared/webconsole/network-monitor.js :: NetworkEventActorProxy.methodFactory/< :: line 1875\"  data: no]\nStack: NetworkEventActorProxy.methodFactory/<@resource://devtools/shared/base-loader.js -> resource://devtools/shared/webconsole/network-monitor.js:1875:5\nexports.makeInfallible/<@resource://devtools/shared/base-loader.js -> resource://devtools/shared/ThreadSafeDevToolsUtils.js:109:14\n_onComplete@resource://devtools/shared/base-loader.js -> resource://devtools/shared/webconsole/network-monitor.js:651:5\nonStreamClose@resource://devtools/shared/base-loader.js -> resource://devtools/shared/webconsole/network-monitor.js:600:7\nonInputStreamReady@resource://devtools/shared/base-loader.js -> resource://devtools/shared/webconsole/network-monitor.js:702:7\nLine: 1875, column: 0"
[Parent 21496, Gecko_IOThread] WARNING: pipe error: 109: file z:/build/build/src/ipc/chromium/src/chrome/common/ipc_channel_win.cc, line 346
[Child 20596, Chrome_ChildThread] WARNING: pipe error: 109: file z:/build/build/src/ipc/chromium/src/chrome/common/ipc_channel_win.cc, line 346
[Child 20596, [Parent 21496, Gecko_IOThread] WARNING: pipe error: 109: file z:/build/build/src/ipc/chromium/src/chrome/common/ipc_channel_win.cc, line 346

###!!! [Child][MessageChannel::SendAndWait] Error: Channel error: cannot send/recv

1529933738744	geckodriver	INFO	geckodriver 0.21.0
1529933738752	geckodriver	INFO	Listening on 127.0.0.1:52842
1529933739284	mozrunner::runner	INFO	Running command: "C:\\Program Files\\Mozilla Firefox\\firefox.exe" "-marionette" "-foreground" "-no-remote" "-profile" "C:\\Users\\PEERAP~1\\AppData\\Local\\Temp\\rust_mozprofile.7KGOaAyuncYb"
Unable to read VR Path Registry from C:\Users\Peerapong\AppData\Local\openvr\openvrpaths.vrpath
Unable to read VR Path Registry from C:\Users\Peerapong\AppData\Local\openvr\openvrpaths.vrpath
Unable to read VR Path Registry from C:\Users\Peerapong\AppData\Local\openvr\openvrpaths.vrpath
Unable to read VR Path Registry from C:\Users\Peerapong\AppData\Local\openvr\openvrpaths.vrpath
Unable to read VR Path Registry from C:\Users\Peerapong\AppData\Local\openvr\openvrpaths.vrpath
1529933741744	Marionette	INFO	Listening on port 52847
1529933742003	Marionette	WARN	TLS certificate errors will be ignored for this session
